
================================================================================
🚀 SERVEUR PEN-SAAS DÉMARRÉ
================================================================================
Timestamp: 2025-09-22T10:03:37.564Z
PID: 85070
Node.js: v22.17.1
Environnement: development
Port: 3001
================================================================================

[2025-09-22T10:03:37.564Z] [LOG  ] [logger.ts:114][MEM:43MB] STRING: 📝 Système de logging initialisé: STRING: /Users/sanz/Desktop/APP/pen-saas/backend/logs/server-2025-09-22T10-03-37.log
[2025-09-22T10:03:37.566Z] [LOG  ] [logger.ts:295][MEM:43MB] STRING: 🗑️ Log supprimé: server-2025-09-22T07-42-57.log
[2025-09-22T10:03:37.566Z] [LOG  ] [logger.ts:299][MEM:43MB] STRING: 📁 Logs disponibles: 11 fichiers dans /Users/sanz/Desktop/APP/pen-saas/backend/logs
[2025-09-22T10:03:37.582Z] [LOG  ] [index.ts:453][MEM:43MB] STRING: 🚀 Serveur Pen SaaS démarré sur le port 3001 en mode development
[2025-09-22T10:03:37.582Z] [LOG  ] [index.ts:446][MEM:43MB] STRING: 🚀 Serveur WebSocket configuré :
[2025-09-22T10:03:37.582Z] [LOG  ] [index.ts:447][MEM:43MB] STRING:    - /ws/collaboration/ (Yjs)
[2025-09-22T10:03:37.582Z] [LOG  ] [index.ts:448][MEM:43MB] STRING:    - /ws/save/ (Sauvegarde)
[2025-09-22T10:03:37.582Z] [LOG  ] [index.ts:449][MEM:43MB] STRING:    - /ws/quiz-progress/ (Progression quiz)
[2025-09-22T10:03:37.583Z] [LOG  ] [dbHealthCheck.ts:128][MEM:44MB] STRING: 
🩺 ===== DIAGNOSTIC BASE DE DONNÉES =====
[2025-09-22T10:03:37.583Z] [LOG  ] [dbHealthCheck.ts:42][MEM:44MB] STRING: 🩺 [DB-HEALTH] Test de connexion...
[2025-09-22T10:03:39.711Z] [LOG  ] [dbHealthCheck.ts:66][MEM:37MB] STRING: ✅ [DB-HEALTH] Connexion OK - Latence: 1749ms
[2025-09-22T10:03:39.713Z] [LOG  ] [dbHealthCheck.ts:132][MEM:37MB] STRING: 📋 Statut: WARNING
[2025-09-22T10:03:39.713Z] [LOG  ] [dbHealthCheck.ts:133][MEM:37MB] STRING: 🔗 Connexion: ✅ OK
[2025-09-22T10:03:39.714Z] [LOG  ] [dbHealthCheck.ts:138][MEM:37MB] STRING: ⏱️  Latence: 🟡 1749ms
[2025-09-22T10:03:39.714Z] [LOG  ] [dbHealthCheck.ts:142][MEM:37MB] STRING: 🖥️  Serveur: [{"version":"PostgreSQL 16.9 (63f4182) on aarch64-unknown-linux-gnu, compiled by gcc (Debian 10.2.1-6) 10.2.1 20210110, 64-bit","database":"neondb","user":"neondb_owner"}]
[2025-09-22T10:03:39.714Z] [LOG  ] [dbHealthCheck.ts:146][MEM:37MB] STRING: 
💡 Recommandations:
[2025-09-22T10:03:39.715Z] [LOG  ] [dbHealthCheck.ts:147][MEM:37MB] STRING:    - Latence élevée détectée (>1s), vérifiez votre connexion réseau
[2025-09-22T10:03:39.715Z] [LOG  ] [dbHealthCheck.ts:150][MEM:37MB] STRING: ==========================================

[2025-09-22T10:03:39.716Z] [LOG  ] [dbHealthCheck.ts:103][MEM:37MB] STRING: 🔄 [DB-HEALTH] Tentative 1/3...
[2025-09-22T10:03:39.716Z] [LOG  ] [dbHealthCheck.ts:42][MEM:37MB] STRING: 🩺 [DB-HEALTH] Test de connexion...
[2025-09-22T10:03:40.096Z] [LOG  ] [dbHealthCheck.ts:66][MEM:37MB] STRING: ✅ [DB-HEALTH] Connexion OK - Latence: 180ms
[2025-09-22T10:03:40.097Z] [LOG  ] [dbHealthCheck.ts:107][MEM:37MB] STRING: ✅ [DB-HEALTH] Connexion établie en 1 tentative(s)
[2025-09-22T10:03:40.098Z] [LOG  ] [index.ts:460][MEM:37MB] STRING: 🎯 Démarrage des tâches automatiques...
[2025-09-22T10:03:40.099Z] [LOG  ] [cronJobs.ts:14][MEM:37MB] STRING: 🕐 Démarrage des tâches CRON...
[2025-09-22T10:03:40.141Z] [LOG  ] [cronJobs.ts:37][MEM:38MB] STRING: ✅ Tâche de vérification de santé programmée: 0 */6 * * * (Europe/Paris)
[2025-09-22T10:03:40.143Z] [LOG  ] [cronJobs.ts:71][MEM:38MB] STRING: ✅ Tâche de nettoyage RAG programmée: 0 3 * * * (Europe/Paris)
[2025-09-22T10:03:51.656Z] [LOG  ] [prisma.ts:59][MEM:36MB] STRING: 🔄 SIGTERM reçu, fermeture propre des connexions Prisma...
[2025-09-22T10:03:51.657Z] [LOG  ] [cronJobs.ts:103][MEM:36MB] STRING: 🛑 Arrêt des tâches CRON...
[2025-09-22T10:03:51.657Z] [LOG  ] [cronJobs.ts:105][MEM:36MB] STRING: ✅ Tâches CRON arrêtées

================================================================================
🛑 ARRÊT DU SERVEUR (SIGTERM)
================================================================================
Timestamp: 2025-09-22T10:03:51.658Z
Durée de fonctionnement: 0h 0m 14s
================================================================================

