
================================================================================
🚀 SERVEUR PEN-SAAS DÉMARRÉ
================================================================================
Timestamp: 2025-09-22T08:35:29.876Z
PID: 29
Node.js: v20.19.5
Environnement: development
Port: 3001
================================================================================

[2025-09-22T08:35:29.880Z] [LOG  ] [logger.ts:114][MEM:42MB] STRING: 📝 Système de logging initialisé: STRING: /app/logs/server-2025-09-22T08-35-29.log
[2025-09-22T08:35:29.956Z] [LOG  ] [logger.ts:295][MEM:42MB] STRING: 🗑️ Log supprimé: server-2025-09-21T13-46-58.log
[2025-09-22T08:35:29.966Z] [LOG  ] [logger.ts:299][MEM:42MB] STRING: 📁 Logs disponibles: 11 fichiers dans /app/logs
[2025-09-22T08:35:30.021Z] [LOG  ] [index.ts:453][MEM:32MB] STRING: 🚀 Serveur Pen SaaS démarré sur le port 3001 en mode development
[2025-09-22T08:35:30.032Z] [LOG  ] [index.ts:446][MEM:32MB] STRING: 🚀 Serveur WebSocket configuré :
[2025-09-22T08:35:30.035Z] [LOG  ] [index.ts:447][MEM:32MB] STRING:    - /ws/collaboration/ (Yjs)
[2025-09-22T08:35:30.039Z] [LOG  ] [index.ts:448][MEM:32MB] STRING:    - /ws/save/ (Sauvegarde)
[2025-09-22T08:35:30.041Z] [LOG  ] [index.ts:449][MEM:32MB] STRING:    - /ws/quiz-progress/ (Progression quiz)
[2025-09-22T08:35:30.043Z] [LOG  ] [dbHealthCheck.ts:128][MEM:32MB] STRING: 
🩺 ===== DIAGNOSTIC BASE DE DONNÉES =====
[2025-09-22T08:35:30.048Z] [LOG  ] [dbHealthCheck.ts:42][MEM:32MB] STRING: 🩺 [DB-HEALTH] Test de connexion...
[2025-09-22T08:35:32.962Z] [LOG  ] [dbHealthCheck.ts:66][MEM:32MB] STRING: ✅ [DB-HEALTH] Connexion OK - Latence: 2499ms
[2025-09-22T08:35:32.972Z] [LOG  ] [dbHealthCheck.ts:132][MEM:32MB] STRING: 📋 Statut: WARNING
[2025-09-22T08:35:32.983Z] [LOG  ] [dbHealthCheck.ts:133][MEM:32MB] STRING: 🔗 Connexion: ✅ OK
[2025-09-22T08:35:33.568Z] [LOG  ] [dbHealthCheck.ts:138][MEM:32MB] STRING: ⏱️  Latence: 🟡 2499ms
[2025-09-22T08:35:33.571Z] [LOG  ] [dbHealthCheck.ts:142][MEM:32MB] STRING: 🖥️  Serveur: [{"version":"PostgreSQL 16.9 (63f4182) on aarch64-unknown-linux-gnu, compiled by gcc (Debian 10.2.1-6) 10.2.1 20210110, 64-bit","database":"neondb","user":"neondb_owner"}]
[2025-09-22T08:35:33.572Z] [LOG  ] [dbHealthCheck.ts:146][MEM:32MB] STRING: 
💡 Recommandations:
[2025-09-22T08:35:33.573Z] [LOG  ] [dbHealthCheck.ts:147][MEM:32MB] STRING:    - Latence élevée détectée (>1s), vérifiez votre connexion réseau
[2025-09-22T08:35:33.574Z] [LOG  ] [dbHealthCheck.ts:150][MEM:32MB] STRING: ==========================================

[2025-09-22T08:35:33.575Z] [LOG  ] [dbHealthCheck.ts:103][MEM:33MB] STRING: 🔄 [DB-HEALTH] Tentative 1/3...
[2025-09-22T08:35:33.576Z] [LOG  ] [dbHealthCheck.ts:42][MEM:33MB] STRING: 🩺 [DB-HEALTH] Test de connexion...
[2025-09-22T08:35:33.976Z] [LOG  ] [dbHealthCheck.ts:66][MEM:33MB] STRING: ✅ [DB-HEALTH] Connexion OK - Latence: 196ms
[2025-09-22T08:35:33.978Z] [LOG  ] [dbHealthCheck.ts:107][MEM:33MB] STRING: ✅ [DB-HEALTH] Connexion établie en 1 tentative(s)
[2025-09-22T08:35:33.979Z] [LOG  ] [index.ts:460][MEM:33MB] STRING: 🎯 Démarrage des tâches automatiques...
[2025-09-22T08:35:33.982Z] [LOG  ] [cronJobs.ts:14][MEM:33MB] STRING: 🕐 Démarrage des tâches CRON...
[2025-09-22T08:35:34.017Z] [LOG  ] [cronJobs.ts:37][MEM:33MB] STRING: ✅ Tâche de vérification de santé programmée: 0 */6 * * * (Europe/Paris)
[2025-09-22T08:35:34.019Z] [LOG  ] [cronJobs.ts:71][MEM:33MB] STRING: ✅ Tâche de nettoyage RAG programmée: 0 3 * * * (Europe/Paris)
[2025-09-22T08:36:43.540Z] [LOG  ] [logger.ts:13][MEM:37MB] STRING: prisma:error STRING: Error in PostgreSQL connection: Error { kind: Db, cause: Some(DbError { severity: "FATAL", parsed_severity: Some(Fatal), code: SqlState(E57P01), message: "terminating connection due to administrator command", detail: None, hint: None, position: None, where_: None, schema: None, table: None, column: None, datatype: None, constraint: None, file: Some("postgres.c"), line: Some(3289), routine: Some("ProcessInterrupts") }) }
[2025-09-22T08:36:48.060Z] [LOG  ] [clerkBilling.ts:28][MEM:39MB] STRING: 🔍 [BILLING] Récupération de l'abonnement pour l'utilisateur: user_32xySw3HWDj1x8nN41Suei5mep1
[2025-09-22T08:36:48.700Z] [LOG  ] [clerkBilling.ts:28][MEM:39MB] STRING: 🔍 [BILLING] Récupération de l'abonnement pour l'utilisateur: user_32xySw3HWDj1x8nN41Suei5mep1
[2025-09-22T08:36:49.095Z] [LOG  ] [clerkBilling.ts:28][MEM:39MB] STRING: 🔍 [BILLING] Récupération de l'abonnement pour l'utilisateur: user_32xySw3HWDj1x8nN41Suei5mep1
[2025-09-22T08:36:49.506Z] [LOG  ] [clerkBilling.ts:28][MEM:40MB] STRING: 🔍 [BILLING] Récupération de l'abonnement pour l'utilisateur: user_32xySw3HWDj1x8nN41Suei5mep1
[2025-09-22T08:36:49.949Z] [LOG  ] [clerkBilling.ts:28][MEM:40MB] STRING: 🔍 [BILLING] Récupération de l'abonnement pour l'utilisateur: user_32xySw3HWDj1x8nN41Suei5mep1
[2025-09-22T08:36:50.580Z] [LOG  ] [clerkBilling.ts:28][MEM:40MB] STRING: 🔍 [BILLING] Récupération de l'abonnement pour l'utilisateur: user_32xySw3HWDj1x8nN41Suei5mep1
[2025-09-22T08:37:05.042Z] [LOG  ] [clerkBilling.ts:28][MEM:39MB] STRING: 🔍 [BILLING] Récupération de l'abonnement pour l'utilisateur: user_32xySw3HWDj1x8nN41Suei5mep1
[2025-09-22T08:37:06.002Z] [LOG  ] [clerkBilling.ts:28][MEM:40MB] STRING: 🔍 [BILLING] Récupération de l'abonnement pour l'utilisateur: user_32xySw3HWDj1x8nN41Suei5mep1
[2025-09-22T08:37:06.840Z] [LOG  ] [clerkBilling.ts:28][MEM:40MB] STRING: 🔍 [BILLING] Récupération de l'abonnement pour l'utilisateur: user_32xySw3HWDj1x8nN41Suei5mep1
[2025-09-22T08:37:07.257Z] [LOG  ] [clerkBilling.ts:28][MEM:40MB] STRING: 🔍 [BILLING] Récupération de l'abonnement pour l'utilisateur: user_32xySw3HWDj1x8nN41Suei5mep1
[2025-09-22T08:37:07.665Z] [LOG  ] [clerkBilling.ts:28][MEM:40MB] STRING: 🔍 [BILLING] Récupération de l'abonnement pour l'utilisateur: user_32xySw3HWDj1x8nN41Suei5mep1
[2025-09-22T08:37:08.076Z] [LOG  ] [clerkBilling.ts:28][MEM:41MB] STRING: 🔍 [BILLING] Récupération de l'abonnement pour l'utilisateur: user_32xySw3HWDj1x8nN41Suei5mep1
[2025-09-22T08:37:24.690Z] [LOG  ] [clerkBilling.ts:28][MEM:41MB] STRING: 🔍 [BILLING] Récupération de l'abonnement pour l'utilisateur: user_32xySw3HWDj1x8nN41Suei5mep1
[2025-09-22T08:37:25.415Z] [LOG  ] [clerkBilling.ts:28][MEM:41MB] STRING: 🔍 [BILLING] Récupération de l'abonnement pour l'utilisateur: user_32xySw3HWDj1x8nN41Suei5mep1
[2025-09-22T08:37:25.860Z] [LOG  ] [clerkBilling.ts:28][MEM:41MB] STRING: 🔍 [BILLING] Récupération de l'abonnement pour l'utilisateur: user_32xySw3HWDj1x8nN41Suei5mep1
[2025-09-22T08:37:26.268Z] [LOG  ] [clerkBilling.ts:28][MEM:41MB] STRING: 🔍 [BILLING] Récupération de l'abonnement pour l'utilisateur: user_32xySw3HWDj1x8nN41Suei5mep1
[2025-09-22T08:37:26.693Z] [LOG  ] [clerkBilling.ts:28][MEM:41MB] STRING: 🔍 [BILLING] Récupération de l'abonnement pour l'utilisateur: user_32xySw3HWDj1x8nN41Suei5mep1
[2025-09-22T08:37:27.120Z] [LOG  ] [clerkBilling.ts:28][MEM:41MB] STRING: 🔍 [BILLING] Récupération de l'abonnement pour l'utilisateur: user_32xySw3HWDj1x8nN41Suei5mep1
[2025-09-22T08:37:29.789Z] [LOG  ] [clerkBilling.ts:28][MEM:42MB] STRING: 🔍 [BILLING] Récupération de l'abonnement pour l'utilisateur: user_32xySw3HWDj1x8nN41Suei5mep1
[2025-09-22T08:37:30.259Z] [LOG  ] [clerkBilling.ts:28][MEM:42MB] STRING: 🔍 [BILLING] Récupération de l'abonnement pour l'utilisateur: user_32xySw3HWDj1x8nN41Suei5mep1
[2025-09-22T08:37:38.102Z] [LOG  ] [logger.ts:13][MEM:43MB] STRING: prisma:error STRING: 
Invalid `prisma.page.findFirst()` invocation:


Inconsistent column data: Error creating UUID, invalid character: expected an optional prefix of `urn:uuid:` followed by [0-9a-fA-F-], found `t` at 1
[2025-09-22T08:37:38.106Z] [ERROR] [page.ts:258][MEM:43MB] STRING: Erreur récupération page: ERROR: 
Invalid `prisma.page.findFirst()` invocation:


Inconsistent column data: Error creating UUID, invalid character: expected an optional prefix of `urn:uuid:` followed by [0-9a-fA-F-], found `t` at 1
Stack: PrismaClientKnownRequestError: 
Invalid `prisma.page.findFirst()` invocation:


Inconsistent column data: Error creating UUID, invalid character: expected an optional prefix of `urn:uuid:` followed by [0-9a-fA-F-], found `t` at 1
    at ei.handleRequestError (/app/node_modules/@prisma/client/src/runtime/RequestHandler.ts:228:13)
    at ei.handleAndLogRequestError (/app/node_modules/@prisma/client/src/runtime/RequestHandler.ts:174:12)
    at ei.request (/app/node_modules/@prisma/client/src/runtime/RequestHandler.ts:143:12)
    at async a (/app/node_modules/@prisma/client/src/runtime/getPrismaClient.ts:833:24)
    at async getPage (/app/src/controllers/page.ts:228:18)
[2025-09-22T08:37:38.382Z] [LOG  ] [logger.ts:13][MEM:43MB] STRING: prisma:error STRING: 
Invalid `prisma.page.findFirst()` invocation:


Inconsistent column data: Error creating UUID, invalid character: expected an optional prefix of `urn:uuid:` followed by [0-9a-fA-F-], found `t` at 1
[2025-09-22T08:37:38.384Z] [ERROR] [page.ts:258][MEM:43MB] STRING: Erreur récupération page: ERROR: 
Invalid `prisma.page.findFirst()` invocation:


Inconsistent column data: Error creating UUID, invalid character: expected an optional prefix of `urn:uuid:` followed by [0-9a-fA-F-], found `t` at 1
Stack: PrismaClientKnownRequestError: 
Invalid `prisma.page.findFirst()` invocation:


Inconsistent column data: Error creating UUID, invalid character: expected an optional prefix of `urn:uuid:` followed by [0-9a-fA-F-], found `t` at 1
    at ei.handleRequestError (/app/node_modules/@prisma/client/src/runtime/RequestHandler.ts:228:13)
    at ei.handleAndLogRequestError (/app/node_modules/@prisma/client/src/runtime/RequestHandler.ts:174:12)
    at ei.request (/app/node_modules/@prisma/client/src/runtime/RequestHandler.ts:143:12)
    at async a (/app/node_modules/@prisma/client/src/runtime/getPrismaClient.ts:833:24)
    at async getPage (/app/src/controllers/page.ts:228:18)
[2025-09-22T08:39:07.978Z] [LOG  ] [logger.ts:13][MEM:44MB] STRING: prisma:error STRING: Error in PostgreSQL connection: Error { kind: Db, cause: Some(DbError { severity: "FATAL", parsed_severity: Some(Fatal), code: SqlState(E57P01), message: "terminating connection due to administrator command", detail: None, hint: None, position: None, where_: None, schema: None, table: None, column: None, datatype: None, constraint: None, file: Some("postgres.c"), line: Some(3289), routine: Some("ProcessInterrupts") }) }
[2025-09-22T08:39:07.987Z] [LOG  ] [logger.ts:13][MEM:44MB] STRING: prisma:error STRING: Error in PostgreSQL connection: Error { kind: Db, cause: Some(DbError { severity: "FATAL", parsed_severity: Some(Fatal), code: SqlState(E57P01), message: "terminating connection due to administrator command", detail: None, hint: None, position: None, where_: None, schema: None, table: None, column: None, datatype: None, constraint: None, file: Some("postgres.c"), line: Some(3289), routine: Some("ProcessInterrupts") }) }
[2025-09-22T08:39:07.988Z] [LOG  ] [logger.ts:13][MEM:44MB] STRING: prisma:error STRING: Error in PostgreSQL connection: Error { kind: Db, cause: Some(DbError { severity: "FATAL", parsed_severity: Some(Fatal), code: SqlState(E57P01), message: "terminating connection due to administrator command", detail: None, hint: None, position: None, where_: None, schema: None, table: None, column: None, datatype: None, constraint: None, file: Some("postgres.c"), line: Some(3289), routine: Some("ProcessInterrupts") }) }
[2025-09-22T08:39:07.989Z] [LOG  ] [logger.ts:13][MEM:44MB] STRING: prisma:error STRING: Error in PostgreSQL connection: Error { kind: Db, cause: Some(DbError { severity: "FATAL", parsed_severity: Some(Fatal), code: SqlState(E57P01), message: "terminating connection due to administrator command", detail: None, hint: None, position: None, where_: None, schema: None, table: None, column: None, datatype: None, constraint: None, file: Some("postgres.c"), line: Some(3289), routine: Some("ProcessInterrupts") }) }
[2025-09-22T08:39:07.990Z] [LOG  ] [logger.ts:13][MEM:44MB] STRING: prisma:error STRING: Error in PostgreSQL connection: Error { kind: Db, cause: Some(DbError { severity: "FATAL", parsed_severity: Some(Fatal), code: SqlState(E57P01), message: "terminating connection due to administrator command", detail: None, hint: None, position: None, where_: None, schema: None, table: None, column: None, datatype: None, constraint: None, file: Some("postgres.c"), line: Some(3289), routine: Some("ProcessInterrupts") }) }
[2025-09-22T08:42:27.013Z] [LOG  ] [clerkBilling.ts:28][MEM:44MB] STRING: 🔍 [BILLING] Récupération de l'abonnement pour l'utilisateur: user_32xySw3HWDj1x8nN41Suei5mep1
[2025-09-22T08:42:27.694Z] [LOG  ] [clerkBilling.ts:28][MEM:44MB] STRING: 🔍 [BILLING] Récupération de l'abonnement pour l'utilisateur: user_32xySw3HWDj1x8nN41Suei5mep1
[2025-09-22T08:42:28.295Z] [LOG  ] [clerkBilling.ts:28][MEM:44MB] STRING: 🔍 [BILLING] Récupération de l'abonnement pour l'utilisateur: user_32xySw3HWDj1x8nN41Suei5mep1
[2025-09-22T08:42:28.721Z] [LOG  ] [clerkBilling.ts:28][MEM:44MB] STRING: 🔍 [BILLING] Récupération de l'abonnement pour l'utilisateur: user_32xySw3HWDj1x8nN41Suei5mep1
[2025-09-22T08:42:29.337Z] [LOG  ] [clerkBilling.ts:28][MEM:44MB] STRING: 🔍 [BILLING] Récupération de l'abonnement pour l'utilisateur: user_32xySw3HWDj1x8nN41Suei5mep1
[2025-09-22T08:42:29.758Z] [LOG  ] [clerkBilling.ts:28][MEM:44MB] STRING: 🔍 [BILLING] Récupération de l'abonnement pour l'utilisateur: user_32xySw3HWDj1x8nN41Suei5mep1
[2025-09-22T08:43:55.548Z] [LOG  ] [logger.ts:13][MEM:44MB] STRING: prisma:error STRING: Error in PostgreSQL connection: Error { kind: Db, cause: Some(DbError { severity: "FATAL", parsed_severity: Some(Fatal), code: SqlState(E57P01), message: "terminating connection due to administrator command", detail: None, hint: None, position: None, where_: None, schema: None, table: None, column: None, datatype: None, constraint: None, file: Some("postgres.c"), line: Some(3289), routine: Some("ProcessInterrupts") }) }
[2025-09-22T08:43:55.565Z] [LOG  ] [logger.ts:13][MEM:44MB] STRING: prisma:error STRING: Error in PostgreSQL connection: Error { kind: Db, cause: Some(DbError { severity: "FATAL", parsed_severity: Some(Fatal), code: SqlState(E57P01), message: "terminating connection due to administrator command", detail: None, hint: None, position: None, where_: None, schema: None, table: None, column: None, datatype: None, constraint: None, file: Some("postgres.c"), line: Some(3289), routine: Some("ProcessInterrupts") }) }
[2025-09-22T08:43:55.566Z] [LOG  ] [logger.ts:13][MEM:44MB] STRING: prisma:error STRING: Error in PostgreSQL connection: Error { kind: Db, cause: Some(DbError { severity: "FATAL", parsed_severity: Some(Fatal), code: SqlState(E57P01), message: "terminating connection due to administrator command", detail: None, hint: None, position: None, where_: None, schema: None, table: None, column: None, datatype: None, constraint: None, file: Some("postgres.c"), line: Some(3289), routine: Some("ProcessInterrupts") }) }
[2025-09-22T08:43:55.566Z] [LOG  ] [logger.ts:13][MEM:44MB] STRING: prisma:error STRING: Error in PostgreSQL connection: Error { kind: Db, cause: Some(DbError { severity: "FATAL", parsed_severity: Some(Fatal), code: SqlState(E57P01), message: "terminating connection due to administrator command", detail: None, hint: None, position: None, where_: None, schema: None, table: None, column: None, datatype: None, constraint: None, file: Some("postgres.c"), line: Some(3289), routine: Some("ProcessInterrupts") }) }
[2025-09-22T08:50:03.647Z] [LOG  ] [clerkBilling.ts:28][MEM:45MB] STRING: 🔍 [BILLING] Récupération de l'abonnement pour l'utilisateur: user_32xySw3HWDj1x8nN41Suei5mep1
[2025-09-22T08:50:04.280Z] [LOG  ] [clerkBilling.ts:28][MEM:45MB] STRING: 🔍 [BILLING] Récupération de l'abonnement pour l'utilisateur: user_32xySw3HWDj1x8nN41Suei5mep1
[2025-09-22T08:50:04.684Z] [LOG  ] [clerkBilling.ts:28][MEM:45MB] STRING: 🔍 [BILLING] Récupération de l'abonnement pour l'utilisateur: user_32xySw3HWDj1x8nN41Suei5mep1
[2025-09-22T08:50:05.095Z] [LOG  ] [clerkBilling.ts:28][MEM:45MB] STRING: 🔍 [BILLING] Récupération de l'abonnement pour l'utilisateur: user_32xySw3HWDj1x8nN41Suei5mep1
[2025-09-22T08:50:05.488Z] [LOG  ] [clerkBilling.ts:28][MEM:45MB] STRING: 🔍 [BILLING] Récupération de l'abonnement pour l'utilisateur: user_32xySw3HWDj1x8nN41Suei5mep1
[2025-09-22T08:50:05.896Z] [LOG  ] [clerkBilling.ts:28][MEM:45MB] STRING: 🔍 [BILLING] Récupération de l'abonnement pour l'utilisateur: user_32xySw3HWDj1x8nN41Suei5mep1
[2025-09-22T08:50:22.698Z] [LOG  ] [clerkBilling.ts:28][MEM:40MB] STRING: 🔍 [BILLING] Récupération de l'abonnement pour l'utilisateur: user_32xySw3HWDj1x8nN41Suei5mep1
[2025-09-22T08:50:23.316Z] [LOG  ] [clerkBilling.ts:28][MEM:40MB] STRING: 🔍 [BILLING] Récupération de l'abonnement pour l'utilisateur: user_32xySw3HWDj1x8nN41Suei5mep1
[2025-09-22T08:50:23.908Z] [LOG  ] [clerkBilling.ts:28][MEM:40MB] STRING: 🔍 [BILLING] Récupération de l'abonnement pour l'utilisateur: user_32xySw3HWDj1x8nN41Suei5mep1
[2025-09-22T08:50:24.502Z] [LOG  ] [clerkBilling.ts:28][MEM:40MB] STRING: 🔍 [BILLING] Récupération de l'abonnement pour l'utilisateur: user_32xySw3HWDj1x8nN41Suei5mep1
[2025-09-22T08:50:24.908Z] [LOG  ] [clerkBilling.ts:28][MEM:40MB] STRING: 🔍 [BILLING] Récupération de l'abonnement pour l'utilisateur: user_32xySw3HWDj1x8nN41Suei5mep1
[2025-09-22T08:50:25.314Z] [LOG  ] [clerkBilling.ts:28][MEM:40MB] STRING: 🔍 [BILLING] Récupération de l'abonnement pour l'utilisateur: user_32xySw3HWDj1x8nN41Suei5mep1
[2025-09-22T08:51:55.313Z] [LOG  ] [logger.ts:13][MEM:40MB] STRING: prisma:error STRING: Error in PostgreSQL connection: Error { kind: Db, cause: Some(DbError { severity: "FATAL", parsed_severity: Some(Fatal), code: SqlState(E57P01), message: "terminating connection due to administrator command", detail: None, hint: None, position: None, where_: None, schema: None, table: None, column: None, datatype: None, constraint: None, file: Some("postgres.c"), line: Some(3289), routine: Some("ProcessInterrupts") }) }
[2025-09-22T08:51:55.324Z] [LOG  ] [logger.ts:13][MEM:40MB] STRING: prisma:error STRING: Error in PostgreSQL connection: Error { kind: Db, cause: Some(DbError { severity: "FATAL", parsed_severity: Some(Fatal), code: SqlState(E57P01), message: "terminating connection due to administrator command", detail: None, hint: None, position: None, where_: None, schema: None, table: None, column: None, datatype: None, constraint: None, file: Some("postgres.c"), line: Some(3289), routine: Some("ProcessInterrupts") }) }
[2025-09-22T08:51:55.324Z] [LOG  ] [logger.ts:13][MEM:40MB] STRING: prisma:error STRING: Error in PostgreSQL connection: Error { kind: Db, cause: Some(DbError { severity: "FATAL", parsed_severity: Some(Fatal), code: SqlState(E57P01), message: "terminating connection due to administrator command", detail: None, hint: None, position: None, where_: None, schema: None, table: None, column: None, datatype: None, constraint: None, file: Some("postgres.c"), line: Some(3289), routine: Some("ProcessInterrupts") }) }
[2025-09-22T08:51:55.325Z] [LOG  ] [logger.ts:13][MEM:40MB] STRING: prisma:error STRING: Error in PostgreSQL connection: Error { kind: Db, cause: Some(DbError { severity: "FATAL", parsed_severity: Some(Fatal), code: SqlState(E57P01), message: "terminating connection due to administrator command", detail: None, hint: None, position: None, where_: None, schema: None, table: None, column: None, datatype: None, constraint: None, file: Some("postgres.c"), line: Some(3289), routine: Some("ProcessInterrupts") }) }
[2025-09-22T08:56:44.483Z] [LOG  ] [clerkBilling.ts:28][MEM:41MB] STRING: 🔍 [BILLING] Récupération de l'abonnement pour l'utilisateur: user_32xySw3HWDj1x8nN41Suei5mep1
[2025-09-22T08:56:45.132Z] [LOG  ] [clerkBilling.ts:28][MEM:41MB] STRING: 🔍 [BILLING] Récupération de l'abonnement pour l'utilisateur: user_32xySw3HWDj1x8nN41Suei5mep1
[2025-09-22T08:56:45.744Z] [LOG  ] [clerkBilling.ts:28][MEM:41MB] STRING: 🔍 [BILLING] Récupération de l'abonnement pour l'utilisateur: user_32xySw3HWDj1x8nN41Suei5mep1
[2025-09-22T08:56:46.147Z] [LOG  ] [clerkBilling.ts:28][MEM:41MB] STRING: 🔍 [BILLING] Récupération de l'abonnement pour l'utilisateur: user_32xySw3HWDj1x8nN41Suei5mep1
[2025-09-22T08:56:46.746Z] [LOG  ] [clerkBilling.ts:28][MEM:41MB] STRING: 🔍 [BILLING] Récupération de l'abonnement pour l'utilisateur: user_32xySw3HWDj1x8nN41Suei5mep1
[2025-09-22T08:56:47.144Z] [LOG  ] [clerkBilling.ts:28][MEM:41MB] STRING: 🔍 [BILLING] Récupération de l'abonnement pour l'utilisateur: user_32xySw3HWDj1x8nN41Suei5mep1
[2025-09-22T08:58:19.919Z] [LOG  ] [logger.ts:13][MEM:42MB] STRING: prisma:error STRING: Error in PostgreSQL connection: Error { kind: Db, cause: Some(DbError { severity: "FATAL", parsed_severity: Some(Fatal), code: SqlState(E57P01), message: "terminating connection due to administrator command", detail: None, hint: None, position: None, where_: None, schema: None, table: None, column: None, datatype: None, constraint: None, file: Some("postgres.c"), line: Some(3289), routine: Some("ProcessInterrupts") }) }
[2025-09-22T08:58:19.927Z] [LOG  ] [logger.ts:13][MEM:42MB] STRING: prisma:error STRING: Error in PostgreSQL connection: Error { kind: Db, cause: Some(DbError { severity: "FATAL", parsed_severity: Some(Fatal), code: SqlState(E57P01), message: "terminating connection due to administrator command", detail: None, hint: None, position: None, where_: None, schema: None, table: None, column: None, datatype: None, constraint: None, file: Some("postgres.c"), line: Some(3289), routine: Some("ProcessInterrupts") }) }
[2025-09-22T08:58:19.928Z] [LOG  ] [logger.ts:13][MEM:42MB] STRING: prisma:error STRING: Error in PostgreSQL connection: Error { kind: Db, cause: Some(DbError { severity: "FATAL", parsed_severity: Some(Fatal), code: SqlState(E57P01), message: "terminating connection due to administrator command", detail: None, hint: None, position: None, where_: None, schema: None, table: None, column: None, datatype: None, constraint: None, file: Some("postgres.c"), line: Some(3289), routine: Some("ProcessInterrupts") }) }
[2025-09-22T08:58:19.928Z] [LOG  ] [logger.ts:13][MEM:42MB] STRING: prisma:error STRING: Error in PostgreSQL connection: Error { kind: Db, cause: Some(DbError { severity: "FATAL", parsed_severity: Some(Fatal), code: SqlState(E57P01), message: "terminating connection due to administrator command", detail: None, hint: None, position: None, where_: None, schema: None, table: None, column: None, datatype: None, constraint: None, file: Some("postgres.c"), line: Some(3289), routine: Some("ProcessInterrupts") }) }
