
================================================================================
🚀 SERVEUR PEN-SAAS DÉMARRÉ
================================================================================
Timestamp: 2025-09-22T16:56:33.389Z
PID: 30
Node.js: v20.19.5
Environnement: development
Port: 3001
================================================================================

[2025-09-22T16:56:33.394Z] [LOG  ] [logger.ts:114][MEM:41MB] STRING: 📝 Système de logging initialisé: STRING: /app/logs/server-2025-09-22T16-56-33.log
[2025-09-22T16:56:33.424Z] [LOG  ] [logger.ts:295][MEM:41MB] STRING: 🗑️ Log supprimé: server-2025-09-22T07-51-45.log
[2025-09-22T16:56:33.427Z] [LOG  ] [logger.ts:299][MEM:41MB] STRING: 📁 Logs disponibles: 11 fichiers dans /app/logs
[2025-09-22T16:56:33.435Z] [LOG  ] [index.ts:453][MEM:42MB] STRING: 🚀 Serveur Pen SaaS démarré sur le port 3001 en mode development
[2025-09-22T16:56:33.442Z] [LOG  ] [index.ts:446][MEM:42MB] STRING: 🚀 Serveur WebSocket configuré :
[2025-09-22T16:56:33.457Z] [LOG  ] [index.ts:447][MEM:42MB] STRING:    - /ws/collaboration/ (Yjs)
[2025-09-22T16:56:33.466Z] [LOG  ] [index.ts:448][MEM:42MB] STRING:    - /ws/save/ (Sauvegarde)
[2025-09-22T16:56:33.469Z] [LOG  ] [index.ts:449][MEM:42MB] STRING:    - /ws/quiz-progress/ (Progression quiz)
[2025-09-22T16:56:33.477Z] [LOG  ] [dbHealthCheck.ts:128][MEM:42MB] STRING: 
🩺 ===== DIAGNOSTIC BASE DE DONNÉES =====
[2025-09-22T16:56:33.488Z] [LOG  ] [dbHealthCheck.ts:42][MEM:42MB] STRING: 🩺 [DB-HEALTH] Test de connexion...
[2025-09-22T16:56:36.009Z] [LOG  ] [dbHealthCheck.ts:66][MEM:32MB] STRING: ✅ [DB-HEALTH] Connexion OK - Latence: 2154ms
[2025-09-22T16:56:36.013Z] [LOG  ] [dbHealthCheck.ts:132][MEM:32MB] STRING: 📋 Statut: WARNING
[2025-09-22T16:56:36.013Z] [LOG  ] [dbHealthCheck.ts:133][MEM:32MB] STRING: 🔗 Connexion: ✅ OK
[2025-09-22T16:56:36.014Z] [LOG  ] [dbHealthCheck.ts:138][MEM:32MB] STRING: ⏱️  Latence: 🟡 2154ms
[2025-09-22T16:56:36.014Z] [LOG  ] [dbHealthCheck.ts:142][MEM:32MB] STRING: 🖥️  Serveur: [{"version":"PostgreSQL 16.9 (63f4182) on aarch64-unknown-linux-gnu, compiled by gcc (Debian 10.2.1-6) 10.2.1 20210110, 64-bit","database":"neondb","user":"neondb_owner"}]
[2025-09-22T16:56:36.014Z] [LOG  ] [dbHealthCheck.ts:146][MEM:32MB] STRING: 
💡 Recommandations:
[2025-09-22T16:56:36.014Z] [LOG  ] [dbHealthCheck.ts:147][MEM:32MB] STRING:    - Latence élevée détectée (>1s), vérifiez votre connexion réseau
[2025-09-22T16:56:36.014Z] [LOG  ] [dbHealthCheck.ts:150][MEM:32MB] STRING: ==========================================

[2025-09-22T16:56:36.015Z] [LOG  ] [dbHealthCheck.ts:103][MEM:32MB] STRING: 🔄 [DB-HEALTH] Tentative 1/3...
[2025-09-22T16:56:36.015Z] [LOG  ] [dbHealthCheck.ts:42][MEM:32MB] STRING: 🩺 [DB-HEALTH] Test de connexion...
[2025-09-22T16:56:36.382Z] [LOG  ] [dbHealthCheck.ts:66][MEM:32MB] STRING: ✅ [DB-HEALTH] Connexion OK - Latence: 179ms
[2025-09-22T16:56:36.411Z] [LOG  ] [dbHealthCheck.ts:107][MEM:32MB] STRING: ✅ [DB-HEALTH] Connexion établie en 1 tentative(s)
[2025-09-22T16:56:36.425Z] [LOG  ] [index.ts:460][MEM:32MB] STRING: 🎯 Démarrage des tâches automatiques...
[2025-09-22T16:56:36.451Z] [LOG  ] [cronJobs.ts:14][MEM:32MB] STRING: 🕐 Démarrage des tâches CRON...
[2025-09-22T16:56:36.646Z] [LOG  ] [cronJobs.ts:37][MEM:32MB] STRING: ✅ Tâche de vérification de santé programmée: 0 */6 * * * (Europe/Paris)
[2025-09-22T16:56:36.667Z] [LOG  ] [cronJobs.ts:71][MEM:33MB] STRING: ✅ Tâche de nettoyage RAG programmée: 0 3 * * * (Europe/Paris)
[2025-09-22T16:56:41.416Z] [LOG  ] [clerkBilling.ts:28][MEM:36MB] STRING: 🔍 [BILLING] Récupération de l'abonnement pour l'utilisateur: user_32xySw3HWDj1x8nN41Suei5mep1
[2025-09-22T16:56:42.006Z] [LOG  ] [clerkBilling.ts:28][MEM:34MB] STRING: 🔍 [BILLING] Récupération de l'abonnement pour l'utilisateur: user_32xySw3HWDj1x8nN41Suei5mep1
[2025-09-22T16:56:42.386Z] [LOG  ] [clerkBilling.ts:28][MEM:34MB] STRING: 🔍 [BILLING] Récupération de l'abonnement pour l'utilisateur: user_32xySw3HWDj1x8nN41Suei5mep1
[2025-09-22T16:56:42.764Z] [LOG  ] [clerkBilling.ts:28][MEM:35MB] STRING: 🔍 [BILLING] Récupération de l'abonnement pour l'utilisateur: user_32xySw3HWDj1x8nN41Suei5mep1
[2025-09-22T16:56:43.155Z] [LOG  ] [clerkBilling.ts:28][MEM:35MB] STRING: 🔍 [BILLING] Récupération de l'abonnement pour l'utilisateur: user_32xySw3HWDj1x8nN41Suei5mep1
[2025-09-22T16:56:43.723Z] [LOG  ] [clerkBilling.ts:28][MEM:35MB] STRING: 🔍 [BILLING] Récupération de l'abonnement pour l'utilisateur: user_32xySw3HWDj1x8nN41Suei5mep1
[2025-09-22T16:56:47.398Z] [LOG  ] [clerkBilling.ts:28][MEM:36MB] STRING: 🔍 [BILLING] Récupération de l'abonnement pour l'utilisateur: user_32xySw3HWDj1x8nN41Suei5mep1
[2025-09-22T16:56:47.785Z] [LOG  ] [clerkBilling.ts:28][MEM:36MB] STRING: 🔍 [BILLING] Récupération de l'abonnement pour l'utilisateur: user_32xySw3HWDj1x8nN41Suei5mep1
[2025-09-22T16:57:00.595Z] [LOG  ] [clerkBilling.ts:28][MEM:36MB] STRING: 🔍 [BILLING] Récupération de l'abonnement pour l'utilisateur: user_32xySw3HWDj1x8nN41Suei5mep1
[2025-09-22T16:57:00.842Z] [LOG  ] [index.ts:348][MEM:36MB] STRING: [WS] Tentative de connexion: /ws/save/3b7be1e2-6b4c-4c2c-8de1-9edd18f5f788
[2025-09-22T16:57:00.843Z] [LOG  ] [index.ts:349][MEM:36MB] STRING: [WS] Token présent: true
[2025-09-22T16:57:01.044Z] [LOG  ] [index.ts:360][MEM:36MB] STRING: [WS] ✅ Sauvegarde WebSocket - user: user_32xySw3HWDj1x8nN41Suei5mep1
[2025-09-22T16:57:01.051Z] [LOG  ] [index.ts:143][MEM:36MB] STRING: [WS] 💾 Connexion sauvegarde pour page: 3b7be1e2-6b4c-4c2c-8de1-9edd18f5f788 - User défini: true (user_32xySw3HWDj1x8nN41Suei5mep1)
[2025-09-22T16:57:01.376Z] [LOG  ] [clerkBilling.ts:28][MEM:36MB] STRING: 🔍 [BILLING] Récupération de l'abonnement pour l'utilisateur: user_32xySw3HWDj1x8nN41Suei5mep1
[2025-09-22T16:57:01.661Z] [LOG  ] [page.ts:208][MEM:37MB] STRING: 📖 [API] Chargement contenu BlockNote: OBJECT: {
  "pageId": "3b7be1e2-6b4c-4c2c-8de1-9edd18f5f788",
  "pageIdType": "string",
  "pageIdLength": 36,
  "isValidUUID": true
}
[2025-09-22T16:57:01.825Z] [LOG  ] [clerkBilling.ts:28][MEM:37MB] STRING: 🔍 [BILLING] Récupération de l'abonnement pour l'utilisateur: user_32xySw3HWDj1x8nN41Suei5mep1
[2025-09-22T16:57:02.093Z] [LOG  ] [index.ts:348][MEM:36MB] STRING: [WS] Tentative de connexion: /ws/save/3b7be1e2-6b4c-4c2c-8de1-9edd18f5f788
[2025-09-22T16:57:02.095Z] [LOG  ] [index.ts:349][MEM:36MB] STRING: [WS] Token présent: true
[2025-09-22T16:57:02.306Z] [LOG  ] [index.ts:360][MEM:37MB] STRING: [WS] ✅ Sauvegarde WebSocket - user: user_32xySw3HWDj1x8nN41Suei5mep1
[2025-09-22T16:57:02.309Z] [LOG  ] [index.ts:143][MEM:37MB] STRING: [WS] 💾 Connexion sauvegarde pour page: 3b7be1e2-6b4c-4c2c-8de1-9edd18f5f788 - User défini: true (user_32xySw3HWDj1x8nN41Suei5mep1)
[2025-09-22T16:57:02.311Z] [LOG  ] [clerkBilling.ts:28][MEM:37MB] STRING: 🔍 [BILLING] Récupération de l'abonnement pour l'utilisateur: user_32xySw3HWDj1x8nN41Suei5mep1
[2025-09-22T16:57:03.988Z] [LOG  ] [page.ts:239][MEM:37MB] STRING: ✅ [API] Contenu BlockNote chargé: OBJECT: {
  "pageId": "3b7be1e2-6b4c-4c2c-8de1-9edd18f5f788",
  "blocksCount": 4,
  "hasNestedBlocks": false
}
[2025-09-22T16:57:04.198Z] [LOG  ] [page.ts:208][MEM:36MB] STRING: 📖 [API] Chargement contenu BlockNote: OBJECT: {
  "pageId": "3b7be1e2-6b4c-4c2c-8de1-9edd18f5f788",
  "pageIdType": "string",
  "pageIdLength": 36,
  "isValidUUID": true
}
[2025-09-22T16:57:04.396Z] [LOG  ] [page.ts:239][MEM:37MB] STRING: ✅ [API] Contenu BlockNote chargé: OBJECT: {
  "pageId": "3b7be1e2-6b4c-4c2c-8de1-9edd18f5f788",
  "blocksCount": 4,
  "hasNestedBlocks": false
}
[2025-09-22T16:57:05.098Z] [LOG  ] [index.ts:149][MEM:37MB] STRING: [WS] 💾 Sauvegarde reçue pour 3b7be1e2-6b4c-4c2c-8de1-9edd18f5f788 par user: user_32xySw3HWDj1x8nN41Suei5mep1
[2025-09-22T16:57:05.471Z] [LOG  ] [index.ts:191][MEM:37MB] STRING: [WS] ✅ SÉCURITÉ: Accès autorisé pour user user_32xySw3HWDj1x8nN41Suei5mep1 sur page 3b7be1e2-6b4c-4c2c-8de1-9edd18f5f788
[2025-09-22T16:57:05.847Z] [LOG  ] [index.ts:202][MEM:37MB] STRING: [WS] ✅ Page 3b7be1e2-6b4c-4c2c-8de1-9edd18f5f788 sauvegardée avec succès par user user_32xySw3HWDj1x8nN41Suei5mep1
[2025-09-22T16:57:08.820Z] [LOG  ] [index.ts:149][MEM:37MB] STRING: [WS] 💾 Sauvegarde reçue pour 3b7be1e2-6b4c-4c2c-8de1-9edd18f5f788 par user: user_32xySw3HWDj1x8nN41Suei5mep1
[2025-09-22T16:57:09.193Z] [LOG  ] [index.ts:191][MEM:37MB] STRING: [WS] ✅ SÉCURITÉ: Accès autorisé pour user user_32xySw3HWDj1x8nN41Suei5mep1 sur page 3b7be1e2-6b4c-4c2c-8de1-9edd18f5f788
[2025-09-22T16:57:09.571Z] [LOG  ] [index.ts:202][MEM:37MB] STRING: [WS] ✅ Page 3b7be1e2-6b4c-4c2c-8de1-9edd18f5f788 sauvegardée avec succès par user user_32xySw3HWDj1x8nN41Suei5mep1
[2025-09-22T16:57:17.160Z] [LOG  ] [index.ts:149][MEM:37MB] STRING: [WS] 💾 Sauvegarde reçue pour 3b7be1e2-6b4c-4c2c-8de1-9edd18f5f788 par user: user_32xySw3HWDj1x8nN41Suei5mep1
[2025-09-22T16:57:17.553Z] [LOG  ] [index.ts:191][MEM:37MB] STRING: [WS] ✅ SÉCURITÉ: Accès autorisé pour user user_32xySw3HWDj1x8nN41Suei5mep1 sur page 3b7be1e2-6b4c-4c2c-8de1-9edd18f5f788
[2025-09-22T16:57:17.750Z] [LOG  ] [index.ts:202][MEM:37MB] STRING: [WS] ✅ Page 3b7be1e2-6b4c-4c2c-8de1-9edd18f5f788 sauvegardée avec succès par user user_32xySw3HWDj1x8nN41Suei5mep1
[2025-09-22T16:57:21.988Z] [LOG  ] [clerkBilling.ts:28][MEM:37MB] STRING: 🔍 [BILLING] Récupération de l'abonnement pour l'utilisateur: user_32xySw3HWDj1x8nN41Suei5mep1
[2025-09-22T16:57:22.387Z] [LOG  ] [clerkBilling.ts:28][MEM:37MB] STRING: 🔍 [BILLING] Récupération de l'abonnement pour l'utilisateur: user_32xySw3HWDj1x8nN41Suei5mep1
[2025-09-22T16:57:22.809Z] [LOG  ] [clerkBilling.ts:28][MEM:38MB] STRING: 🔍 [BILLING] Récupération de l'abonnement pour l'utilisateur: user_32xySw3HWDj1x8nN41Suei5mep1
[2025-09-22T16:57:23.405Z] [LOG  ] [clerkBilling.ts:28][MEM:37MB] STRING: 🔍 [BILLING] Récupération de l'abonnement pour l'utilisateur: user_32xySw3HWDj1x8nN41Suei5mep1
