
================================================================================
🚀 SERVEUR PEN-SAAS DÉMARRÉ
================================================================================
Timestamp: 2025-09-22T17:13:58.005Z
PID: 54864
Node.js: v22.17.1
Environnement: development
Port: 3001
================================================================================

[2025-09-22T17:13:58.006Z] [LOG  ] [logger.ts:114][MEM:44MB] STRING: 📝 Système de logging initialisé: STRING: /Users/sanz/Desktop/APP/pen-saas/backend/logs/server-2025-09-22T17-13-58.log
[2025-09-22T17:13:58.008Z] [LOG  ] [logger.ts:295][MEM:44MB] STRING: 🗑️ Log supprimé: server-2025-09-22T07-51-57.log
[2025-09-22T17:13:58.008Z] [LOG  ] [logger.ts:299][MEM:44MB] STRING: 📁 Logs disponibles: 11 fichiers dans /Users/sanz/Desktop/APP/pen-saas/backend/logs
[2025-09-22T17:13:58.048Z] [LOG  ] [index.ts:453][MEM:44MB] STRING: 🚀 Serveur Pen SaaS démarré sur le port 3001 en mode development
[2025-09-22T17:13:58.048Z] [LOG  ] [index.ts:446][MEM:44MB] STRING: 🚀 Serveur WebSocket configuré :
[2025-09-22T17:13:58.049Z] [LOG  ] [index.ts:447][MEM:44MB] STRING:    - /ws/collaboration/ (Yjs)
[2025-09-22T17:13:58.049Z] [LOG  ] [index.ts:448][MEM:44MB] STRING:    - /ws/save/ (Sauvegarde)
[2025-09-22T17:13:58.049Z] [LOG  ] [index.ts:449][MEM:44MB] STRING:    - /ws/quiz-progress/ (Progression quiz)
[2025-09-22T17:13:58.049Z] [LOG  ] [dbHealthCheck.ts:128][MEM:37MB] STRING: 
🩺 ===== DIAGNOSTIC BASE DE DONNÉES =====
[2025-09-22T17:13:58.052Z] [LOG  ] [dbHealthCheck.ts:42][MEM:37MB] STRING: 🩺 [DB-HEALTH] Test de connexion...
[2025-09-22T17:14:00.621Z] [LOG  ] [dbHealthCheck.ts:66][MEM:34MB] STRING: ✅ [DB-HEALTH] Connexion OK - Latence: 2202ms
[2025-09-22T17:14:00.622Z] [LOG  ] [dbHealthCheck.ts:132][MEM:34MB] STRING: 📋 Statut: WARNING
[2025-09-22T17:14:00.623Z] [LOG  ] [dbHealthCheck.ts:133][MEM:34MB] STRING: 🔗 Connexion: ✅ OK
[2025-09-22T17:14:00.623Z] [LOG  ] [dbHealthCheck.ts:138][MEM:34MB] STRING: ⏱️  Latence: 🟡 2202ms
[2025-09-22T17:14:00.624Z] [LOG  ] [dbHealthCheck.ts:142][MEM:34MB] STRING: 🖥️  Serveur: [{"version":"PostgreSQL 16.9 (63f4182) on aarch64-unknown-linux-gnu, compiled by gcc (Debian 10.2.1-6) 10.2.1 20210110, 64-bit","database":"neondb","user":"neondb_owner"}]
[2025-09-22T17:14:00.624Z] [LOG  ] [dbHealthCheck.ts:146][MEM:34MB] STRING: 
💡 Recommandations:
[2025-09-22T17:14:00.624Z] [LOG  ] [dbHealthCheck.ts:147][MEM:34MB] STRING:    - Latence élevée détectée (>1s), vérifiez votre connexion réseau
[2025-09-22T17:14:00.625Z] [LOG  ] [dbHealthCheck.ts:150][MEM:34MB] STRING: ==========================================

[2025-09-22T17:14:00.625Z] [LOG  ] [dbHealthCheck.ts:103][MEM:34MB] STRING: 🔄 [DB-HEALTH] Tentative 1/3...
[2025-09-22T17:14:00.625Z] [LOG  ] [dbHealthCheck.ts:42][MEM:34MB] STRING: 🩺 [DB-HEALTH] Test de connexion...
[2025-09-22T17:14:00.980Z] [LOG  ] [dbHealthCheck.ts:66][MEM:34MB] STRING: ✅ [DB-HEALTH] Connexion OK - Latence: 178ms
[2025-09-22T17:14:00.981Z] [LOG  ] [dbHealthCheck.ts:107][MEM:34MB] STRING: ✅ [DB-HEALTH] Connexion établie en 1 tentative(s)
[2025-09-22T17:14:00.982Z] [LOG  ] [index.ts:460][MEM:34MB] STRING: 🎯 Démarrage des tâches automatiques...
[2025-09-22T17:14:00.982Z] [LOG  ] [cronJobs.ts:14][MEM:35MB] STRING: 🕐 Démarrage des tâches CRON...
[2025-09-22T17:14:01.010Z] [LOG  ] [cronJobs.ts:37][MEM:35MB] STRING: ✅ Tâche de vérification de santé programmée: 0 */6 * * * (Europe/Paris)
[2025-09-22T17:14:01.013Z] [LOG  ] [cronJobs.ts:71][MEM:35MB] STRING: ✅ Tâche de nettoyage RAG programmée: 0 3 * * * (Europe/Paris)
[2025-09-22T17:14:10.589Z] [LOG  ] [clerkBilling.ts:28][MEM:37MB] STRING: 🔍 [BILLING] Récupération de l'abonnement pour l'utilisateur: user_32xySw3HWDj1x8nN41Suei5mep1
[2025-09-22T17:14:11.168Z] [LOG  ] [clerkBilling.ts:28][MEM:37MB] STRING: 🔍 [BILLING] Récupération de l'abonnement pour l'utilisateur: user_32xySw3HWDj1x8nN41Suei5mep1
[2025-09-22T17:14:11.568Z] [LOG  ] [clerkBilling.ts:28][MEM:38MB] STRING: 🔍 [BILLING] Récupération de l'abonnement pour l'utilisateur: user_32xySw3HWDj1x8nN41Suei5mep1
[2025-09-22T17:14:11.980Z] [LOG  ] [clerkBilling.ts:28][MEM:38MB] STRING: 🔍 [BILLING] Récupération de l'abonnement pour l'utilisateur: user_32xySw3HWDj1x8nN41Suei5mep1
[2025-09-22T17:14:12.373Z] [LOG  ] [clerkBilling.ts:28][MEM:38MB] STRING: 🔍 [BILLING] Récupération de l'abonnement pour l'utilisateur: user_32xySw3HWDj1x8nN41Suei5mep1
[2025-09-22T17:14:12.957Z] [LOG  ] [clerkBilling.ts:28][MEM:38MB] STRING: 🔍 [BILLING] Récupération de l'abonnement pour l'utilisateur: user_32xySw3HWDj1x8nN41Suei5mep1
[2025-09-22T17:14:13.322Z] [LOG  ] [clerkBilling.ts:28][MEM:38MB] STRING: 🔍 [BILLING] Récupération de l'abonnement pour l'utilisateur: user_32xySw3HWDj1x8nN41Suei5mep1
[2025-09-22T17:14:13.876Z] [LOG  ] [clerkBilling.ts:28][MEM:39MB] STRING: 🔍 [BILLING] Récupération de l'abonnement pour l'utilisateur: user_32xySw3HWDj1x8nN41Suei5mep1
[2025-09-22T17:14:14.247Z] [LOG  ] [clerkBilling.ts:28][MEM:38MB] STRING: 🔍 [BILLING] Récupération de l'abonnement pour l'utilisateur: user_32xySw3HWDj1x8nN41Suei5mep1
[2025-09-22T17:14:16.886Z] [LOG  ] [clerkBilling.ts:28][MEM:39MB] STRING: 🔍 [BILLING] Récupération de l'abonnement pour l'utilisateur: user_32xySw3HWDj1x8nN41Suei5mep1
[2025-09-22T17:14:17.260Z] [LOG  ] [clerkBilling.ts:28][MEM:39MB] STRING: 🔍 [BILLING] Récupération de l'abonnement pour l'utilisateur: user_32xySw3HWDj1x8nN41Suei5mep1
[2025-09-22T17:14:18.122Z] [LOG  ] [wikipediaSearch.ts:36][MEM:40MB] STRING: 🔍 [WikipediaSearch] Recherche: "pythago" (lang: fr)
[2025-09-22T17:14:18.123Z] [LOG  ] [wikipediaSearch.ts:49][MEM:40MB] STRING: 📡 [WikipediaSearch] URL de recherche: https://fr.wikipedia.org/w/api.php?action=query&list=search&srsearch=pythago&format=json&srlimit=10&srprop=snippet%7Ctitlesnippet%7Csize%7Cwordcount%7Ctimestamp&origin=*
[2025-09-22T17:14:18.533Z] [LOG  ] [wikipediaSearch.ts:70][MEM:40MB] STRING: 📊 [WikipediaSearch] 10 résultats trouvés
[2025-09-22T17:14:18.534Z] [LOG  ] [wikipediaSearch.ts:88][MEM:40MB] STRING: 📖 [WikipediaSearch] URL des extraits: https://fr.wikipedia.org/w/api.php?action=query&prop=extracts%7Cinfo&pageids=7260%7C11101%7C7331%7C176217%7C918042%7C968398%7C88632%7C592325%7C74006%7C668584&format=json&exintro=1&explaintext=1&exsectionformat=plain&exchars=500&inprop=url&origin=*
[2025-09-22T17:14:18.803Z] [LOG  ] [wikipediaSearch.ts:128][MEM:40MB] STRING: ✅ [WikipediaSearch] Article ajouté: "Pythagore" (403 chars)
[2025-09-22T17:14:18.804Z] [LOG  ] [wikipediaSearch.ts:128][MEM:40MB] STRING: ✅ [WikipediaSearch] Article ajouté: "Ésotérisme" (403 chars)
[2025-09-22T17:14:18.804Z] [LOG  ] [wikipediaSearch.ts:128][MEM:40MB] STRING: ✅ [WikipediaSearch] Article ajouté: "Thalès" (403 chars)
[2025-09-22T17:14:18.804Z] [LOG  ] [wikipediaSearch.ts:128][MEM:40MB] STRING: ✅ [WikipediaSearch] Article ajouté: "École pythagoricienne" (403 chars)
[2025-09-22T17:14:18.805Z] [LOG  ] [wikipediaSearch.ts:128][MEM:40MB] STRING: ✅ [WikipediaSearch] Article ajouté: "Monade (philosophie)" (403 chars)
[2025-09-22T17:14:18.805Z] [LOG  ] [wikipediaSearch.ts:128][MEM:40MB] STRING: ✅ [WikipediaSearch] Article ajouté: "Y" (74 chars)
[2025-09-22T17:14:18.805Z] [LOG  ] [wikipediaSearch.ts:128][MEM:40MB] STRING: ✅ [WikipediaSearch] Article ajouté: "Éther (physique)" (403 chars)
[2025-09-22T17:14:18.805Z] [LOG  ] [wikipediaSearch.ts:128][MEM:40MB] STRING: ✅ [WikipediaSearch] Article ajouté: "Doxographe" (403 chars)
[2025-09-22T17:14:18.806Z] [LOG  ] [wikipediaSearch.ts:128][MEM:40MB] STRING: ✅ [WikipediaSearch] Article ajouté: "Orphisme" (403 chars)
[2025-09-22T17:14:18.806Z] [LOG  ] [wikipediaSearch.ts:128][MEM:40MB] STRING: ✅ [WikipediaSearch] Article ajouté: "Le Quart Livre" (403 chars)
[2025-09-22T17:14:18.806Z] [LOG  ] [wikipediaSearch.ts:137][MEM:40MB] STRING: 🎯 [WikipediaSearch] Retour de 10 articles pour "pythago"
[2025-09-22T17:14:18.866Z] [LOG  ] [wikipediaSearch.ts:36][MEM:41MB] STRING: 🔍 [WikipediaSearch] Recherche: "pythagore" (lang: fr)
[2025-09-22T17:14:18.867Z] [LOG  ] [wikipediaSearch.ts:49][MEM:41MB] STRING: 📡 [WikipediaSearch] URL de recherche: https://fr.wikipedia.org/w/api.php?action=query&list=search&srsearch=pythagore&format=json&srlimit=10&srprop=snippet%7Ctitlesnippet%7Csize%7Cwordcount%7Ctimestamp&origin=*
[2025-09-22T17:14:19.137Z] [LOG  ] [wikipediaSearch.ts:70][MEM:38MB] STRING: 📊 [WikipediaSearch] 10 résultats trouvés
[2025-09-22T17:14:19.138Z] [LOG  ] [wikipediaSearch.ts:88][MEM:38MB] STRING: 📖 [WikipediaSearch] URL des extraits: https://fr.wikipedia.org/w/api.php?action=query&prop=extracts%7Cinfo&pageids=7260%7C7266%7C5613693%7C176217%7C86133%7C990390%7C7201%7C908812%7C143417%7C43005&format=json&exintro=1&explaintext=1&exsectionformat=plain&exchars=500&inprop=url&origin=*
[2025-09-22T17:14:19.340Z] [LOG  ] [wikipediaSearch.ts:128][MEM:38MB] STRING: ✅ [WikipediaSearch] Article ajouté: "Pythagore" (403 chars)
[2025-09-22T17:14:19.341Z] [LOG  ] [wikipediaSearch.ts:128][MEM:38MB] STRING: ✅ [WikipediaSearch] Article ajouté: "Théorème de Pythagore" (403 chars)
[2025-09-22T17:14:19.341Z] [LOG  ] [wikipediaSearch.ts:128][MEM:38MB] STRING: ✅ [WikipediaSearch] Article ajouté: "Coupe de Pythagore" (386 chars)
[2025-09-22T17:14:19.341Z] [LOG  ] [wikipediaSearch.ts:128][MEM:38MB] STRING: ✅ [WikipediaSearch] Article ajouté: "École pythagoricienne" (403 chars)
[2025-09-22T17:14:19.342Z] [LOG  ] [wikipediaSearch.ts:128][MEM:38MB] STRING: ✅ [WikipediaSearch] Article ajouté: "Loi des cosinus" (402 chars)
[2025-09-22T17:14:19.342Z] [LOG  ] [wikipediaSearch.ts:128][MEM:38MB] STRING: ✅ [WikipediaSearch] Article ajouté: "Racine carrée de deux" (219 chars)
[2025-09-22T17:14:19.342Z] [LOG  ] [wikipediaSearch.ts:128][MEM:38MB] STRING: ✅ [WikipediaSearch] Article ajouté: "Platon" (403 chars)
[2025-09-22T17:14:19.342Z] [LOG  ] [wikipediaSearch.ts:128][MEM:38MB] STRING: ✅ [WikipediaSearch] Article ajouté: "Arbre de Pythagore" (262 chars)
[2025-09-22T17:14:19.342Z] [LOG  ] [wikipediaSearch.ts:128][MEM:38MB] STRING: ✅ [WikipediaSearch] Article ajouté: "Triangle rectangle" (403 chars)
[2025-09-22T17:14:19.342Z] [LOG  ] [wikipediaSearch.ts:128][MEM:38MB] STRING: ✅ [WikipediaSearch] Article ajouté: "Triplet pythagoricien" (202 chars)
[2025-09-22T17:14:19.343Z] [LOG  ] [wikipediaSearch.ts:137][MEM:39MB] STRING: 🎯 [WikipediaSearch] Retour de 10 articles pour "pythagore"
[2025-09-22T17:14:23.152Z] [LOG  ] [wikipedia.ts:41][MEM:41MB] STRING: 🔄 [DEDUP] Vérification de 2 articles Wikipedia
[2025-09-22T17:14:23.153Z] [LOG  ] [wikipedia.ts:49][MEM:41MB] STRING: ♻️ [DEDUP] Réutilisation: "Pythagore" (42 chunks existants)
[2025-09-22T17:14:23.154Z] [LOG  ] [wikipedia.ts:49][MEM:41MB] STRING: ♻️ [DEDUP] Réutilisation: "Théorème de Pythagore" (38 chunks existants)
[2025-09-22T17:14:30.433Z] [LOG  ] [prisma.ts:59][MEM:41MB] STRING: 🔄 SIGINT reçu, fermeture propre des connexions Prisma...
[2025-09-22T17:14:30.434Z] [LOG  ] [cronJobs.ts:103][MEM:41MB] STRING: 🛑 Arrêt des tâches CRON...
[2025-09-22T17:14:30.434Z] [LOG  ] [cronJobs.ts:105][MEM:41MB] STRING: ✅ Tâches CRON arrêtées

================================================================================
🛑 ARRÊT DU SERVEUR (SIGINT)
================================================================================
Timestamp: 2025-09-22T17:14:30.434Z
Durée de fonctionnement: 0h 0m 33s
================================================================================

